Thu Apr 14 09:34:31 EDT 2022
--- Hyper-parameters for training ---
learning_rate: 0.001
crop_size: [240, 240]
train_batch_size: 16
val_batch_size: 8
network_height: 3
network_width: 6
num_dense_layer: 4
growth_rate: 16
lambda_loss: 0.04
category: indoor
----------------------------------------------------------------
        Layer (type)               Output Shape         Param #
================================================================
            Conv2d-1         [-1, 16, 620, 460]           2,320
         MakeDense-2         [-1, 32, 620, 460]               0
            Conv2d-3         [-1, 16, 620, 460]           4,624
         MakeDense-4         [-1, 48, 620, 460]               0
            Conv2d-5         [-1, 16, 620, 460]           6,928
         MakeDense-6         [-1, 64, 620, 460]               0
            Conv2d-7         [-1, 16, 620, 460]           9,232
         MakeDense-8         [-1, 80, 620, 460]               0
            Conv2d-9         [-1, 16, 620, 460]           1,296
              RDB-10         [-1, 16, 620, 460]               0
           Conv2d-11         [-1, 16, 620, 460]           2,320
        MakeDense-12         [-1, 32, 620, 460]               0
           Conv2d-13         [-1, 16, 620, 460]           4,624
        MakeDense-14         [-1, 48, 620, 460]               0
           Conv2d-15         [-1, 16, 620, 460]           6,928
        MakeDense-16         [-1, 64, 620, 460]               0
           Conv2d-17         [-1, 16, 620, 460]           9,232
        MakeDense-18         [-1, 80, 620, 460]               0
           Conv2d-19         [-1, 16, 620, 460]           1,296
              RDB-20         [-1, 16, 620, 460]               0
           Conv2d-21         [-1, 16, 310, 230]           2,320
           Conv2d-22         [-1, 32, 310, 230]           4,640
       DownSample-23         [-1, 32, 310, 230]               0
           Conv2d-24         [-1, 32, 155, 115]           9,248
           Conv2d-25         [-1, 64, 155, 115]          18,496
       DownSample-26         [-1, 64, 155, 115]               0
           Conv2d-27         [-1, 16, 310, 230]           4,624
        MakeDense-28         [-1, 48, 310, 230]               0
           Conv2d-29         [-1, 16, 310, 230]           6,928
        MakeDense-30         [-1, 64, 310, 230]               0
           Conv2d-31         [-1, 16, 310, 230]           9,232
        MakeDense-32         [-1, 80, 310, 230]               0
           Conv2d-33         [-1, 16, 310, 230]          11,536
        MakeDense-34         [-1, 96, 310, 230]               0
           Conv2d-35         [-1, 32, 310, 230]           3,104
              RDB-36         [-1, 32, 310, 230]               0
           Conv2d-37         [-1, 16, 310, 230]           2,320
           Conv2d-38         [-1, 32, 310, 230]           4,640
       DownSample-39         [-1, 32, 310, 230]               0
           Conv2d-40         [-1, 16, 310, 230]           4,624
        MakeDense-41         [-1, 48, 310, 230]               0
           Conv2d-42         [-1, 16, 310, 230]           6,928
        MakeDense-43         [-1, 64, 310, 230]               0
           Conv2d-44         [-1, 16, 310, 230]           9,232
        MakeDense-45         [-1, 80, 310, 230]               0
           Conv2d-46         [-1, 16, 310, 230]          11,536
        MakeDense-47         [-1, 96, 310, 230]               0
           Conv2d-48         [-1, 32, 310, 230]           3,104
              RDB-49         [-1, 32, 310, 230]               0
           Conv2d-50         [-1, 16, 310, 230]           2,320
           Conv2d-51         [-1, 32, 310, 230]           4,640
       DownSample-52         [-1, 32, 310, 230]               0
           Conv2d-53         [-1, 16, 155, 115]           9,232
        MakeDense-54         [-1, 80, 155, 115]               0
           Conv2d-55         [-1, 16, 155, 115]          11,536
        MakeDense-56         [-1, 96, 155, 115]               0
           Conv2d-57         [-1, 16, 155, 115]          13,840
        MakeDense-58        [-1, 112, 155, 115]               0
           Conv2d-59         [-1, 16, 155, 115]          16,144
        MakeDense-60        [-1, 128, 155, 115]               0
           Conv2d-61         [-1, 64, 155, 115]           8,256
              RDB-62         [-1, 64, 155, 115]               0
           Conv2d-63         [-1, 32, 155, 115]           9,248
           Conv2d-64         [-1, 64, 155, 115]          18,496
       DownSample-65         [-1, 64, 155, 115]               0
           Conv2d-66         [-1, 16, 155, 115]           9,232
        MakeDense-67         [-1, 80, 155, 115]               0
           Conv2d-68         [-1, 16, 155, 115]          11,536
        MakeDense-69         [-1, 96, 155, 115]               0
           Conv2d-70         [-1, 16, 155, 115]          13,840
        MakeDense-71        [-1, 112, 155, 115]               0
           Conv2d-72         [-1, 16, 155, 115]          16,144
        MakeDense-73        [-1, 128, 155, 115]               0
           Conv2d-74         [-1, 64, 155, 115]           8,256
              RDB-75         [-1, 64, 155, 115]               0
           Conv2d-76         [-1, 32, 155, 115]           9,248
           Conv2d-77         [-1, 64, 155, 115]          18,496
       DownSample-78         [-1, 64, 155, 115]               0
           Conv2d-79         [-1, 16, 155, 115]           9,232
        MakeDense-80         [-1, 80, 155, 115]               0
           Conv2d-81         [-1, 16, 155, 115]          11,536
        MakeDense-82         [-1, 96, 155, 115]               0
           Conv2d-83         [-1, 16, 155, 115]          13,840
        MakeDense-84        [-1, 112, 155, 115]               0
           Conv2d-85         [-1, 16, 155, 115]          16,144
        MakeDense-86        [-1, 128, 155, 115]               0
           Conv2d-87         [-1, 64, 155, 115]           8,256
              RDB-88         [-1, 64, 155, 115]               0
           Conv2d-89         [-1, 16, 155, 115]           9,232
        MakeDense-90         [-1, 80, 155, 115]               0
           Conv2d-91         [-1, 16, 155, 115]          11,536
        MakeDense-92         [-1, 96, 155, 115]               0
           Conv2d-93         [-1, 16, 155, 115]          13,840
        MakeDense-94        [-1, 112, 155, 115]               0
           Conv2d-95         [-1, 16, 155, 115]          16,144
        MakeDense-96        [-1, 128, 155, 115]               0
           Conv2d-97         [-1, 64, 155, 115]           8,256
              RDB-98         [-1, 64, 155, 115]               0
           Conv2d-99         [-1, 16, 155, 115]           9,232
       MakeDense-100         [-1, 80, 155, 115]               0
          Conv2d-101         [-1, 16, 155, 115]          11,536
       MakeDense-102         [-1, 96, 155, 115]               0
          Conv2d-103         [-1, 16, 155, 115]          13,840
       MakeDense-104        [-1, 112, 155, 115]               0
          Conv2d-105         [-1, 16, 155, 115]          16,144
       MakeDense-106        [-1, 128, 155, 115]               0
          Conv2d-107         [-1, 64, 155, 115]           8,256
             RDB-108         [-1, 64, 155, 115]               0
          Conv2d-109         [-1, 16, 310, 230]           4,624
       MakeDense-110         [-1, 48, 310, 230]               0
          Conv2d-111         [-1, 16, 310, 230]           6,928
       MakeDense-112         [-1, 64, 310, 230]               0
          Conv2d-113         [-1, 16, 310, 230]           9,232
       MakeDense-114         [-1, 80, 310, 230]               0
          Conv2d-115         [-1, 16, 310, 230]          11,536
       MakeDense-116         [-1, 96, 310, 230]               0
          Conv2d-117         [-1, 32, 310, 230]           3,104
             RDB-118         [-1, 32, 310, 230]               0
 ConvTranspose2d-119         [-1, 64, 310, 230]          36,928
          Conv2d-120         [-1, 32, 310, 230]          18,464
        UpSample-121         [-1, 32, 310, 230]               0
          Conv2d-122         [-1, 16, 620, 460]           2,320
       MakeDense-123         [-1, 32, 620, 460]               0
          Conv2d-124         [-1, 16, 620, 460]           4,624
       MakeDense-125         [-1, 48, 620, 460]               0
          Conv2d-126         [-1, 16, 620, 460]           6,928
       MakeDense-127         [-1, 64, 620, 460]               0
          Conv2d-128         [-1, 16, 620, 460]           9,232
       MakeDense-129         [-1, 80, 620, 460]               0
          Conv2d-130         [-1, 16, 620, 460]           1,296
             RDB-131         [-1, 16, 620, 460]               0
 ConvTranspose2d-132         [-1, 32, 620, 460]           9,248
          Conv2d-133         [-1, 16, 620, 460]           4,624
        UpSample-134         [-1, 16, 620, 460]               0
          Conv2d-135         [-1, 16, 310, 230]           4,624
       MakeDense-136         [-1, 48, 310, 230]               0
          Conv2d-137         [-1, 16, 310, 230]           6,928
       MakeDense-138         [-1, 64, 310, 230]               0
          Conv2d-139         [-1, 16, 310, 230]           9,232
       MakeDense-140         [-1, 80, 310, 230]               0
          Conv2d-141         [-1, 16, 310, 230]          11,536
       MakeDense-142         [-1, 96, 310, 230]               0
          Conv2d-143         [-1, 32, 310, 230]           3,104
             RDB-144         [-1, 32, 310, 230]               0
 ConvTranspose2d-145         [-1, 64, 310, 230]          36,928
          Conv2d-146         [-1, 32, 310, 230]          18,464
        UpSample-147         [-1, 32, 310, 230]               0
          Conv2d-148         [-1, 16, 310, 230]           4,624
       MakeDense-149         [-1, 48, 310, 230]               0
          Conv2d-150         [-1, 16, 310, 230]           6,928
       MakeDense-151         [-1, 64, 310, 230]               0
          Conv2d-152         [-1, 16, 310, 230]           9,232
       MakeDense-153         [-1, 80, 310, 230]               0
          Conv2d-154         [-1, 16, 310, 230]          11,536
       MakeDense-155         [-1, 96, 310, 230]               0
          Conv2d-156         [-1, 32, 310, 230]           3,104
             RDB-157         [-1, 32, 310, 230]               0
 ConvTranspose2d-158         [-1, 64, 310, 230]          36,928
          Conv2d-159         [-1, 32, 310, 230]          18,464
        UpSample-160         [-1, 32, 310, 230]               0
          Conv2d-161         [-1, 16, 620, 460]           2,320
       MakeDense-162         [-1, 32, 620, 460]               0
          Conv2d-163         [-1, 16, 620, 460]           4,624
       MakeDense-164         [-1, 48, 620, 460]               0
          Conv2d-165         [-1, 16, 620, 460]           6,928
       MakeDense-166         [-1, 64, 620, 460]               0
          Conv2d-167         [-1, 16, 620, 460]           9,232
       MakeDense-168         [-1, 80, 620, 460]               0
          Conv2d-169         [-1, 16, 620, 460]           1,296
             RDB-170         [-1, 16, 620, 460]               0
 ConvTranspose2d-171         [-1, 32, 620, 460]           9,248
          Conv2d-172         [-1, 16, 620, 460]           4,624
        UpSample-173         [-1, 16, 620, 460]               0
          Conv2d-174         [-1, 16, 620, 460]           2,320
       MakeDense-175         [-1, 32, 620, 460]               0
          Conv2d-176         [-1, 16, 620, 460]           4,624
       MakeDense-177         [-1, 48, 620, 460]               0
          Conv2d-178         [-1, 16, 620, 460]           6,928
       MakeDense-179         [-1, 64, 620, 460]               0
          Conv2d-180         [-1, 16, 620, 460]           9,232
       MakeDense-181         [-1, 80, 620, 460]               0
          Conv2d-182         [-1, 16, 620, 460]           1,296
             RDB-183         [-1, 16, 620, 460]               0
 ConvTranspose2d-184         [-1, 32, 620, 460]           9,248
          Conv2d-185         [-1, 16, 620, 460]           4,624
        UpSample-186         [-1, 16, 620, 460]               0
          Conv2d-187         [-1, 16, 620, 460]           2,320
       MakeDense-188         [-1, 32, 620, 460]               0
          Conv2d-189         [-1, 16, 620, 460]           4,624
       MakeDense-190         [-1, 48, 620, 460]               0
          Conv2d-191         [-1, 16, 620, 460]           6,928
       MakeDense-192         [-1, 64, 620, 460]               0
          Conv2d-193         [-1, 16, 620, 460]           9,232
       MakeDense-194         [-1, 80, 620, 460]               0
          Conv2d-195         [-1, 16, 620, 460]           1,296
             RDB-196         [-1, 16, 620, 460]               0
          Conv2d-197          [-1, 3, 620, 460]             435
================================================================
Total params: 930,899
Trainable params: 930,899
Non-trainable params: 0
----------------------------------------------------------------
Input size (MB): 3.26
Forward/backward pass size (MB): 6551.64
Params size (MB): 3.55
Estimated Total Size (MB): 6558.46
----------------------------------------------------------------
<generator object Module.parameters at 0x14a39a812850>
--- no weight loaded ---
Total_params: 958051
old_val_psnr: 7.53, old_val_ssim: 0.1656
Learning rate sets to 0.001.
Epoch: 0, Iteration: 0
Epoch: 0, Iteration: 100
Epoch: 0, Iteration: 200
Epoch: 0, Iteration: 300
Epoch: 0, Iteration: 400
Epoch: 0, Iteration: 500
Epoch: 0, Iteration: 600
Epoch: 0, Iteration: 700
Epoch: 0, Iteration: 800
(462s) Epoch [1/100], Train_PSNR:20.02, Val_PSNR:19.95, Val_SSIM:0.8643
Learning rate sets to 0.001.
Epoch: 1, Iteration: 0
Epoch: 1, Iteration: 100
Epoch: 1, Iteration: 200
Epoch: 1, Iteration: 300
Epoch: 1, Iteration: 400
Epoch: 1, Iteration: 500
Epoch: 1, Iteration: 600
Epoch: 1, Iteration: 700
Epoch: 1, Iteration: 800
(479s) Epoch [2/100], Train_PSNR:21.82, Val_PSNR:17.86, Val_SSIM:0.8510
Learning rate sets to 0.001.
Epoch: 2, Iteration: 0
Epoch: 2, Iteration: 100
Epoch: 2, Iteration: 200
Epoch: 2, Iteration: 300
Epoch: 2, Iteration: 400
Epoch: 2, Iteration: 500
Epoch: 2, Iteration: 600
Epoch: 2, Iteration: 700
Epoch: 2, Iteration: 800
(464s) Epoch [3/100], Train_PSNR:22.51, Val_PSNR:24.28, Val_SSIM:0.9238
Learning rate sets to 0.001.
Epoch: 3, Iteration: 0
Epoch: 3, Iteration: 100
Epoch: 3, Iteration: 200
Epoch: 3, Iteration: 300
Epoch: 3, Iteration: 400
Epoch: 3, Iteration: 500
Epoch: 3, Iteration: 600
Epoch: 3, Iteration: 700
Epoch: 3, Iteration: 800
(463s) Epoch [4/100], Train_PSNR:23.29, Val_PSNR:23.53, Val_SSIM:0.9209
Learning rate sets to 0.001.
Epoch: 4, Iteration: 0
Epoch: 4, Iteration: 100
Epoch: 4, Iteration: 200
Epoch: 4, Iteration: 300
Epoch: 4, Iteration: 400
Epoch: 4, Iteration: 500
Epoch: 4, Iteration: 600
Epoch: 4, Iteration: 700
Epoch: 4, Iteration: 800
(476s) Epoch [5/100], Train_PSNR:23.98, Val_PSNR:21.89, Val_SSIM:0.9249
Learning rate sets to 0.001.
Epoch: 5, Iteration: 0
Epoch: 5, Iteration: 100
Epoch: 5, Iteration: 200
Epoch: 5, Iteration: 300
Epoch: 5, Iteration: 400
Epoch: 5, Iteration: 500
Epoch: 5, Iteration: 600
Epoch: 5, Iteration: 700
Epoch: 5, Iteration: 800
(476s) Epoch [6/100], Train_PSNR:24.34, Val_PSNR:20.74, Val_SSIM:0.8841
Learning rate sets to 0.001.
Epoch: 6, Iteration: 0
Epoch: 6, Iteration: 100
Epoch: 6, Iteration: 200
Epoch: 6, Iteration: 300
Epoch: 6, Iteration: 400
Epoch: 6, Iteration: 500
Epoch: 6, Iteration: 600
Epoch: 6, Iteration: 700
Epoch: 6, Iteration: 800
(547s) Epoch [7/100], Train_PSNR:24.66, Val_PSNR:23.13, Val_SSIM:0.9296
Learning rate sets to 0.001.
Epoch: 7, Iteration: 0
Epoch: 7, Iteration: 100
Epoch: 7, Iteration: 200
Epoch: 7, Iteration: 300
Epoch: 7, Iteration: 400
Epoch: 7, Iteration: 500
Epoch: 7, Iteration: 600
Epoch: 7, Iteration: 700
Epoch: 7, Iteration: 800
(475s) Epoch [8/100], Train_PSNR:24.97, Val_PSNR:22.63, Val_SSIM:0.9277
Learning rate sets to 0.001.
Epoch: 8, Iteration: 0
Epoch: 8, Iteration: 100
Epoch: 8, Iteration: 200
Epoch: 8, Iteration: 300
Epoch: 8, Iteration: 400
Epoch: 8, Iteration: 500
Epoch: 8, Iteration: 600
Epoch: 8, Iteration: 700
Epoch: 8, Iteration: 800
(465s) Epoch [9/100], Train_PSNR:25.22, Val_PSNR:24.20, Val_SSIM:0.9374
Learning rate sets to 0.001.
Epoch: 9, Iteration: 0
Epoch: 9, Iteration: 100
Epoch: 9, Iteration: 200
Epoch: 9, Iteration: 300
Epoch: 9, Iteration: 400
Epoch: 9, Iteration: 500
Epoch: 9, Iteration: 600
Epoch: 9, Iteration: 700
Epoch: 9, Iteration: 800
(475s) Epoch [10/100], Train_PSNR:25.56, Val_PSNR:21.51, Val_SSIM:0.9200
Learning rate sets to 0.001.
Epoch: 10, Iteration: 0
Epoch: 10, Iteration: 100
Epoch: 10, Iteration: 200
Epoch: 10, Iteration: 300
Epoch: 10, Iteration: 400
Epoch: 10, Iteration: 500
Epoch: 10, Iteration: 600
Epoch: 10, Iteration: 700
Epoch: 10, Iteration: 800
(474s) Epoch [11/100], Train_PSNR:25.70, Val_PSNR:23.61, Val_SSIM:0.9458
Learning rate sets to 0.001.
Epoch: 11, Iteration: 0
Epoch: 11, Iteration: 100
Epoch: 11, Iteration: 200
Epoch: 11, Iteration: 300
Epoch: 11, Iteration: 400
Epoch: 11, Iteration: 500
Epoch: 11, Iteration: 600
Epoch: 11, Iteration: 700
Epoch: 11, Iteration: 800
(469s) Epoch [12/100], Train_PSNR:25.96, Val_PSNR:24.83, Val_SSIM:0.9397
Learning rate sets to 0.001.
Epoch: 12, Iteration: 0
Epoch: 12, Iteration: 100
Epoch: 12, Iteration: 200
Epoch: 12, Iteration: 300
Epoch: 12, Iteration: 400
Epoch: 12, Iteration: 500
Epoch: 12, Iteration: 600
Epoch: 12, Iteration: 700
Epoch: 12, Iteration: 800
(464s) Epoch [13/100], Train_PSNR:26.04, Val_PSNR:23.74, Val_SSIM:0.9349
Learning rate sets to 0.001.
Epoch: 13, Iteration: 0
Epoch: 13, Iteration: 100
Epoch: 13, Iteration: 200
Epoch: 13, Iteration: 300
Epoch: 13, Iteration: 400
Epoch: 13, Iteration: 500
Epoch: 13, Iteration: 600
Epoch: 13, Iteration: 700
Epoch: 13, Iteration: 800
(468s) Epoch [14/100], Train_PSNR:26.33, Val_PSNR:25.04, Val_SSIM:0.9383
Learning rate sets to 0.001.
Epoch: 14, Iteration: 0
Epoch: 14, Iteration: 100
Epoch: 14, Iteration: 200
Epoch: 14, Iteration: 300
Epoch: 14, Iteration: 400
Epoch: 14, Iteration: 500
Epoch: 14, Iteration: 600
Epoch: 14, Iteration: 700
Epoch: 14, Iteration: 800
(469s) Epoch [15/100], Train_PSNR:26.37, Val_PSNR:25.08, Val_SSIM:0.9473
Learning rate sets to 0.001.
Epoch: 15, Iteration: 0
Epoch: 15, Iteration: 100
Epoch: 15, Iteration: 200
Epoch: 15, Iteration: 300
Epoch: 15, Iteration: 400
Epoch: 15, Iteration: 500
Epoch: 15, Iteration: 600
Epoch: 15, Iteration: 700
Epoch: 15, Iteration: 800
(460s) Epoch [16/100], Train_PSNR:26.60, Val_PSNR:24.85, Val_SSIM:0.9190
Learning rate sets to 0.001.
Epoch: 16, Iteration: 0
Epoch: 16, Iteration: 100
Epoch: 16, Iteration: 200
Epoch: 16, Iteration: 300
Epoch: 16, Iteration: 400
Epoch: 16, Iteration: 500
Epoch: 16, Iteration: 600
Epoch: 16, Iteration: 700
Epoch: 16, Iteration: 800
(458s) Epoch [17/100], Train_PSNR:26.55, Val_PSNR:26.55, Val_SSIM:0.9519
Learning rate sets to 0.001.
Epoch: 17, Iteration: 0
Epoch: 17, Iteration: 100
Epoch: 17, Iteration: 200
Epoch: 17, Iteration: 300
Epoch: 17, Iteration: 400
Epoch: 17, Iteration: 500
Epoch: 17, Iteration: 600
Epoch: 17, Iteration: 700
Epoch: 17, Iteration: 800
(468s) Epoch [18/100], Train_PSNR:26.70, Val_PSNR:25.21, Val_SSIM:0.9513
Learning rate sets to 0.001.
Epoch: 18, Iteration: 0
Epoch: 18, Iteration: 100
Epoch: 18, Iteration: 200
Epoch: 18, Iteration: 300
Epoch: 18, Iteration: 400
Epoch: 18, Iteration: 500
Epoch: 18, Iteration: 600
Epoch: 18, Iteration: 700
Epoch: 18, Iteration: 800
(473s) Epoch [19/100], Train_PSNR:27.07, Val_PSNR:24.32, Val_SSIM:0.9403
Learning rate sets to 0.001.
Epoch: 19, Iteration: 0
Epoch: 19, Iteration: 100
Epoch: 19, Iteration: 200
Epoch: 19, Iteration: 300
Epoch: 19, Iteration: 400
Epoch: 19, Iteration: 500
Epoch: 19, Iteration: 600
Epoch: 19, Iteration: 700
Epoch: 19, Iteration: 800
(495s) Epoch [20/100], Train_PSNR:27.07, Val_PSNR:24.51, Val_SSIM:0.9483
Learning rate sets to 0.0005.
Epoch: 20, Iteration: 0
Epoch: 20, Iteration: 100
Epoch: 20, Iteration: 200
Epoch: 20, Iteration: 300
Epoch: 20, Iteration: 400
Epoch: 20, Iteration: 500
Epoch: 20, Iteration: 600
Epoch: 20, Iteration: 700
Epoch: 20, Iteration: 800
(479s) Epoch [21/100], Train_PSNR:27.94, Val_PSNR:26.51, Val_SSIM:0.9543
Learning rate sets to 0.0005.
Epoch: 21, Iteration: 0
Epoch: 21, Iteration: 100
Epoch: 21, Iteration: 200
Epoch: 21, Iteration: 300
Epoch: 21, Iteration: 400
Epoch: 21, Iteration: 500
Epoch: 21, Iteration: 600
Epoch: 21, Iteration: 700
Epoch: 21, Iteration: 800
(491s) Epoch [22/100], Train_PSNR:28.07, Val_PSNR:26.68, Val_SSIM:0.9581
Learning rate sets to 0.0005.
Epoch: 22, Iteration: 0
Epoch: 22, Iteration: 100
Epoch: 22, Iteration: 200
Epoch: 22, Iteration: 300
Epoch: 22, Iteration: 400
Epoch: 22, Iteration: 500
Epoch: 22, Iteration: 600
Epoch: 22, Iteration: 700
Epoch: 22, Iteration: 800
(536s) Epoch [23/100], Train_PSNR:28.13, Val_PSNR:26.44, Val_SSIM:0.9588
Learning rate sets to 0.0005.
Epoch: 23, Iteration: 0
Epoch: 23, Iteration: 100
Epoch: 23, Iteration: 200
Epoch: 23, Iteration: 300
Epoch: 23, Iteration: 400
Epoch: 23, Iteration: 500
Epoch: 23, Iteration: 600
Epoch: 23, Iteration: 700
Epoch: 23, Iteration: 800
(499s) Epoch [24/100], Train_PSNR:28.21, Val_PSNR:27.45, Val_SSIM:0.9640
Learning rate sets to 0.0005.
Epoch: 24, Iteration: 0
Epoch: 24, Iteration: 100
Epoch: 24, Iteration: 200
Epoch: 24, Iteration: 300
Epoch: 24, Iteration: 400
Epoch: 24, Iteration: 500
Epoch: 24, Iteration: 600
Epoch: 24, Iteration: 700
Epoch: 24, Iteration: 800
(501s) Epoch [25/100], Train_PSNR:28.23, Val_PSNR:26.19, Val_SSIM:0.9581
Learning rate sets to 0.0005.
Epoch: 25, Iteration: 0
Epoch: 25, Iteration: 100
Epoch: 25, Iteration: 200
Epoch: 25, Iteration: 300
Epoch: 25, Iteration: 400
Epoch: 25, Iteration: 500
Epoch: 25, Iteration: 600
Epoch: 25, Iteration: 700
Epoch: 25, Iteration: 800
(520s) Epoch [26/100], Train_PSNR:28.41, Val_PSNR:25.41, Val_SSIM:0.9490
Learning rate sets to 0.0005.
Epoch: 26, Iteration: 0
Epoch: 26, Iteration: 100
Epoch: 26, Iteration: 200
Epoch: 26, Iteration: 300
Epoch: 26, Iteration: 400
Epoch: 26, Iteration: 500
Epoch: 26, Iteration: 600
Epoch: 26, Iteration: 700
Epoch: 26, Iteration: 800
(532s) Epoch [27/100], Train_PSNR:28.47, Val_PSNR:27.43, Val_SSIM:0.9651
Learning rate sets to 0.0005.
Epoch: 27, Iteration: 0
Epoch: 27, Iteration: 100
Epoch: 27, Iteration: 200
Epoch: 27, Iteration: 300
Epoch: 27, Iteration: 400
Epoch: 27, Iteration: 500
Epoch: 27, Iteration: 600
Epoch: 27, Iteration: 700
Epoch: 27, Iteration: 800
(510s) Epoch [28/100], Train_PSNR:28.55, Val_PSNR:27.99, Val_SSIM:0.9642
Learning rate sets to 0.0005.
Epoch: 28, Iteration: 0
Epoch: 28, Iteration: 100
Epoch: 28, Iteration: 200
Epoch: 28, Iteration: 300
Epoch: 28, Iteration: 400
Epoch: 28, Iteration: 500
Epoch: 28, Iteration: 600
Epoch: 28, Iteration: 700
Epoch: 28, Iteration: 800
(510s) Epoch [29/100], Train_PSNR:28.70, Val_PSNR:28.62, Val_SSIM:0.9687
Learning rate sets to 0.0005.
Epoch: 29, Iteration: 0
Epoch: 29, Iteration: 100
Epoch: 29, Iteration: 200
Epoch: 29, Iteration: 300
Epoch: 29, Iteration: 400
Epoch: 29, Iteration: 500
Epoch: 29, Iteration: 600
Epoch: 29, Iteration: 700
Epoch: 29, Iteration: 800
(515s) Epoch [30/100], Train_PSNR:28.64, Val_PSNR:28.49, Val_SSIM:0.9630
Learning rate sets to 0.0005.
Epoch: 30, Iteration: 0
Epoch: 30, Iteration: 100
Epoch: 30, Iteration: 200
Epoch: 30, Iteration: 300
Epoch: 30, Iteration: 400
Epoch: 30, Iteration: 500
Epoch: 30, Iteration: 600
Epoch: 30, Iteration: 700
Epoch: 30, Iteration: 800
(525s) Epoch [31/100], Train_PSNR:28.84, Val_PSNR:27.05, Val_SSIM:0.9424
Learning rate sets to 0.0005.
Epoch: 31, Iteration: 0
Epoch: 31, Iteration: 100
Epoch: 31, Iteration: 200
Epoch: 31, Iteration: 300
Epoch: 31, Iteration: 400
Epoch: 31, Iteration: 500
Epoch: 31, Iteration: 600
Epoch: 31, Iteration: 700
Epoch: 31, Iteration: 800
(520s) Epoch [32/100], Train_PSNR:28.85, Val_PSNR:27.54, Val_SSIM:0.9629
Learning rate sets to 0.0005.
Epoch: 32, Iteration: 0
Epoch: 32, Iteration: 100
Epoch: 32, Iteration: 200
Epoch: 32, Iteration: 300
Epoch: 32, Iteration: 400
Epoch: 32, Iteration: 500
Epoch: 32, Iteration: 600
Epoch: 32, Iteration: 700
Epoch: 32, Iteration: 800
(594s) Epoch [33/100], Train_PSNR:28.95, Val_PSNR:27.87, Val_SSIM:0.9625
Learning rate sets to 0.0005.
Epoch: 33, Iteration: 0
Epoch: 33, Iteration: 100
Epoch: 33, Iteration: 200
Epoch: 33, Iteration: 300
Epoch: 33, Iteration: 400
Epoch: 33, Iteration: 500
Epoch: 33, Iteration: 600
Epoch: 33, Iteration: 700
Epoch: 33, Iteration: 800
(507s) Epoch [34/100], Train_PSNR:28.99, Val_PSNR:27.30, Val_SSIM:0.9616
Learning rate sets to 0.0005.
Epoch: 34, Iteration: 0
Epoch: 34, Iteration: 100
Epoch: 34, Iteration: 200
Epoch: 34, Iteration: 300
Epoch: 34, Iteration: 400
Epoch: 34, Iteration: 500
Epoch: 34, Iteration: 600
Epoch: 34, Iteration: 700
Epoch: 34, Iteration: 800
(527s) Epoch [35/100], Train_PSNR:29.12, Val_PSNR:27.24, Val_SSIM:0.9621
Learning rate sets to 0.0005.
Epoch: 35, Iteration: 0
Epoch: 35, Iteration: 100
Epoch: 35, Iteration: 200
Epoch: 35, Iteration: 300
Epoch: 35, Iteration: 400
Epoch: 35, Iteration: 500
Epoch: 35, Iteration: 600
Epoch: 35, Iteration: 700
Epoch: 35, Iteration: 800
(511s) Epoch [36/100], Train_PSNR:29.14, Val_PSNR:27.62, Val_SSIM:0.9563
Learning rate sets to 0.0005.
Epoch: 36, Iteration: 0
Epoch: 36, Iteration: 100
Epoch: 36, Iteration: 200
Epoch: 36, Iteration: 300
Epoch: 36, Iteration: 400
Epoch: 36, Iteration: 500
Epoch: 36, Iteration: 600
Epoch: 36, Iteration: 700
Epoch: 36, Iteration: 800
(575s) Epoch [37/100], Train_PSNR:29.20, Val_PSNR:28.05, Val_SSIM:0.9686
Learning rate sets to 0.0005.
Epoch: 37, Iteration: 0
Epoch: 37, Iteration: 100
Epoch: 37, Iteration: 200
Epoch: 37, Iteration: 300
Epoch: 37, Iteration: 400
Epoch: 37, Iteration: 500
Epoch: 37, Iteration: 600
Epoch: 37, Iteration: 700
Epoch: 37, Iteration: 800
(502s) Epoch [38/100], Train_PSNR:29.20, Val_PSNR:26.24, Val_SSIM:0.9646
Learning rate sets to 0.0005.
Epoch: 38, Iteration: 0
Epoch: 38, Iteration: 100
Epoch: 38, Iteration: 200
Epoch: 38, Iteration: 300
Epoch: 38, Iteration: 400
Epoch: 38, Iteration: 500
Epoch: 38, Iteration: 600
Epoch: 38, Iteration: 700
Epoch: 38, Iteration: 800
(512s) Epoch [39/100], Train_PSNR:29.36, Val_PSNR:26.71, Val_SSIM:0.9557
Learning rate sets to 0.0005.
Epoch: 39, Iteration: 0
Epoch: 39, Iteration: 100
Epoch: 39, Iteration: 200
Epoch: 39, Iteration: 300
Epoch: 39, Iteration: 400
Epoch: 39, Iteration: 500
Epoch: 39, Iteration: 600
Epoch: 39, Iteration: 700
Epoch: 39, Iteration: 800
(497s) Epoch [40/100], Train_PSNR:29.27, Val_PSNR:28.60, Val_SSIM:0.9672
Learning rate sets to 0.00025.
Epoch: 40, Iteration: 0
Epoch: 40, Iteration: 100
Epoch: 40, Iteration: 200
Epoch: 40, Iteration: 300
Epoch: 40, Iteration: 400
Epoch: 40, Iteration: 500
Epoch: 40, Iteration: 600
Epoch: 40, Iteration: 700
Epoch: 40, Iteration: 800
(482s) Epoch [41/100], Train_PSNR:30.09, Val_PSNR:28.08, Val_SSIM:0.9721
Learning rate sets to 0.00025.
Epoch: 41, Iteration: 0
Epoch: 41, Iteration: 100
Epoch: 41, Iteration: 200
Epoch: 41, Iteration: 300
Epoch: 41, Iteration: 400
Epoch: 41, Iteration: 500
Epoch: 41, Iteration: 600
Epoch: 41, Iteration: 700
Epoch: 41, Iteration: 800
(700s) Epoch [42/100], Train_PSNR:30.17, Val_PSNR:28.16, Val_SSIM:0.9704
Learning rate sets to 0.00025.
Epoch: 42, Iteration: 0
Epoch: 42, Iteration: 100
Epoch: 42, Iteration: 200
Epoch: 42, Iteration: 300
Epoch: 42, Iteration: 400
Epoch: 42, Iteration: 500
Epoch: 42, Iteration: 600
Epoch: 42, Iteration: 700
Epoch: 42, Iteration: 800
(502s) Epoch [43/100], Train_PSNR:30.05, Val_PSNR:27.93, Val_SSIM:0.9710
Learning rate sets to 0.00025.
Epoch: 43, Iteration: 0
Epoch: 43, Iteration: 100
Epoch: 43, Iteration: 200
Epoch: 43, Iteration: 300
Epoch: 43, Iteration: 400
Epoch: 43, Iteration: 500
Epoch: 43, Iteration: 600
Epoch: 43, Iteration: 700
Epoch: 43, Iteration: 800
(478s) Epoch [44/100], Train_PSNR:30.20, Val_PSNR:28.34, Val_SSIM:0.9692
Learning rate sets to 0.00025.
Epoch: 44, Iteration: 0
Epoch: 44, Iteration: 100
Epoch: 44, Iteration: 200
Epoch: 44, Iteration: 300
Epoch: 44, Iteration: 400
Epoch: 44, Iteration: 500
Epoch: 44, Iteration: 600
Epoch: 44, Iteration: 700
Epoch: 44, Iteration: 800
(510s) Epoch [45/100], Train_PSNR:30.18, Val_PSNR:29.28, Val_SSIM:0.9742
Learning rate sets to 0.00025.
Epoch: 45, Iteration: 0
Epoch: 45, Iteration: 100
Epoch: 45, Iteration: 200
Epoch: 45, Iteration: 300
Epoch: 45, Iteration: 400
Epoch: 45, Iteration: 500
Epoch: 45, Iteration: 600
Epoch: 45, Iteration: 700
Epoch: 45, Iteration: 800
(670s) Epoch [46/100], Train_PSNR:30.31, Val_PSNR:28.42, Val_SSIM:0.9729
Learning rate sets to 0.00025.
Epoch: 46, Iteration: 0
Epoch: 46, Iteration: 100
Epoch: 46, Iteration: 200
Epoch: 46, Iteration: 300
Epoch: 46, Iteration: 400
Epoch: 46, Iteration: 500
Epoch: 46, Iteration: 600
Epoch: 46, Iteration: 700
Epoch: 46, Iteration: 800
(499s) Epoch [47/100], Train_PSNR:30.36, Val_PSNR:27.63, Val_SSIM:0.9701
Learning rate sets to 0.00025.
Epoch: 47, Iteration: 0
Epoch: 47, Iteration: 100
Epoch: 47, Iteration: 200
Epoch: 47, Iteration: 300
Epoch: 47, Iteration: 400
Epoch: 47, Iteration: 500
Epoch: 47, Iteration: 600
Epoch: 47, Iteration: 700
Epoch: 47, Iteration: 800
(516s) Epoch [48/100], Train_PSNR:30.27, Val_PSNR:28.40, Val_SSIM:0.9702
Learning rate sets to 0.00025.
Epoch: 48, Iteration: 0
Epoch: 48, Iteration: 100
Epoch: 48, Iteration: 200
Epoch: 48, Iteration: 300
Epoch: 48, Iteration: 400
Epoch: 48, Iteration: 500
Epoch: 48, Iteration: 600
Epoch: 48, Iteration: 700
Epoch: 48, Iteration: 800
(527s) Epoch [49/100], Train_PSNR:30.39, Val_PSNR:27.99, Val_SSIM:0.9691
Learning rate sets to 0.00025.
Epoch: 49, Iteration: 0
Epoch: 49, Iteration: 100
Epoch: 49, Iteration: 200
Epoch: 49, Iteration: 300
Epoch: 49, Iteration: 400
Epoch: 49, Iteration: 500
Epoch: 49, Iteration: 600
Epoch: 49, Iteration: 700
Epoch: 49, Iteration: 800
(497s) Epoch [50/100], Train_PSNR:30.40, Val_PSNR:28.29, Val_SSIM:0.9712
Learning rate sets to 0.00025.
Epoch: 50, Iteration: 0
Epoch: 50, Iteration: 100
Epoch: 50, Iteration: 200
Epoch: 50, Iteration: 300
Epoch: 50, Iteration: 400
Epoch: 50, Iteration: 500
Epoch: 50, Iteration: 600
Epoch: 50, Iteration: 700
Epoch: 50, Iteration: 800
(573s) Epoch [51/100], Train_PSNR:30.38, Val_PSNR:29.76, Val_SSIM:0.9769
Learning rate sets to 0.00025.
Epoch: 51, Iteration: 0
Epoch: 51, Iteration: 100
Epoch: 51, Iteration: 200
Epoch: 51, Iteration: 300
Epoch: 51, Iteration: 400
Epoch: 51, Iteration: 500
Epoch: 51, Iteration: 600
Epoch: 51, Iteration: 700
Epoch: 51, Iteration: 800
(479s) Epoch [52/100], Train_PSNR:30.51, Val_PSNR:28.84, Val_SSIM:0.9752
Learning rate sets to 0.00025.
Epoch: 52, Iteration: 0
Epoch: 52, Iteration: 100
Epoch: 52, Iteration: 200
Epoch: 52, Iteration: 300
Epoch: 52, Iteration: 400
Epoch: 52, Iteration: 500
Epoch: 52, Iteration: 600
Epoch: 52, Iteration: 700
Epoch: 52, Iteration: 800
(490s) Epoch [53/100], Train_PSNR:30.52, Val_PSNR:28.84, Val_SSIM:0.9739
Learning rate sets to 0.00025.
Epoch: 53, Iteration: 0
Epoch: 53, Iteration: 100
Epoch: 53, Iteration: 200
Epoch: 53, Iteration: 300
Epoch: 53, Iteration: 400
Epoch: 53, Iteration: 500
Epoch: 53, Iteration: 600
Epoch: 53, Iteration: 700
Epoch: 53, Iteration: 800
(479s) Epoch [54/100], Train_PSNR:30.60, Val_PSNR:29.04, Val_SSIM:0.9756
Learning rate sets to 0.00025.
Epoch: 54, Iteration: 0
Epoch: 54, Iteration: 100
Epoch: 54, Iteration: 200
Epoch: 54, Iteration: 300
Epoch: 54, Iteration: 400
Epoch: 54, Iteration: 500
Epoch: 54, Iteration: 600
Epoch: 54, Iteration: 700
Epoch: 54, Iteration: 800
(492s) Epoch [55/100], Train_PSNR:30.61, Val_PSNR:29.55, Val_SSIM:0.9752
Learning rate sets to 0.00025.
Epoch: 55, Iteration: 0
Epoch: 55, Iteration: 100
Epoch: 55, Iteration: 200
Epoch: 55, Iteration: 300
Epoch: 55, Iteration: 400
Epoch: 55, Iteration: 500
Epoch: 55, Iteration: 600
Epoch: 55, Iteration: 700
Epoch: 55, Iteration: 800
(608s) Epoch [56/100], Train_PSNR:30.61, Val_PSNR:28.70, Val_SSIM:0.9679
Learning rate sets to 0.00025.
Epoch: 56, Iteration: 0
Epoch: 56, Iteration: 100
Epoch: 56, Iteration: 200
Epoch: 56, Iteration: 300
Epoch: 56, Iteration: 400
Epoch: 56, Iteration: 500
Epoch: 56, Iteration: 600
Epoch: 56, Iteration: 700
Epoch: 56, Iteration: 800
(478s) Epoch [57/100], Train_PSNR:30.66, Val_PSNR:28.19, Val_SSIM:0.9664
Learning rate sets to 0.00025.
Epoch: 57, Iteration: 0
Epoch: 57, Iteration: 100
Epoch: 57, Iteration: 200
Epoch: 57, Iteration: 300
Epoch: 57, Iteration: 400
Epoch: 57, Iteration: 500
Epoch: 57, Iteration: 600
Epoch: 57, Iteration: 700
Epoch: 57, Iteration: 800
(499s) Epoch [58/100], Train_PSNR:30.64, Val_PSNR:29.81, Val_SSIM:0.9754
Learning rate sets to 0.00025.
Epoch: 58, Iteration: 0
Epoch: 58, Iteration: 100
Epoch: 58, Iteration: 200
Epoch: 58, Iteration: 300
Epoch: 58, Iteration: 400
Epoch: 58, Iteration: 500
Epoch: 58, Iteration: 600
Epoch: 58, Iteration: 700
Epoch: 58, Iteration: 800
(499s) Epoch [59/100], Train_PSNR:30.65, Val_PSNR:28.26, Val_SSIM:0.9656
Learning rate sets to 0.00025.
Epoch: 59, Iteration: 0
Epoch: 59, Iteration: 100
Epoch: 59, Iteration: 200
Epoch: 59, Iteration: 300
Epoch: 59, Iteration: 400
Epoch: 59, Iteration: 500
Epoch: 59, Iteration: 600
Epoch: 59, Iteration: 700
Epoch: 59, Iteration: 800
(481s) Epoch [60/100], Train_PSNR:30.77, Val_PSNR:27.75, Val_SSIM:0.9630
Learning rate sets to 0.000125.
Epoch: 60, Iteration: 0
Epoch: 60, Iteration: 100
Epoch: 60, Iteration: 200
Epoch: 60, Iteration: 300
Epoch: 60, Iteration: 400
Epoch: 60, Iteration: 500
Epoch: 60, Iteration: 600
Epoch: 60, Iteration: 700
Epoch: 60, Iteration: 800
(633s) Epoch [61/100], Train_PSNR:31.13, Val_PSNR:28.27, Val_SSIM:0.9738
Learning rate sets to 0.000125.
Epoch: 61, Iteration: 0
Epoch: 61, Iteration: 100
Epoch: 61, Iteration: 200
Epoch: 61, Iteration: 300
Epoch: 61, Iteration: 400
Epoch: 61, Iteration: 500
Epoch: 61, Iteration: 600
Epoch: 61, Iteration: 700
Epoch: 61, Iteration: 800
(498s) Epoch [62/100], Train_PSNR:31.22, Val_PSNR:28.63, Val_SSIM:0.9753
Learning rate sets to 0.000125.
Epoch: 62, Iteration: 0
Epoch: 62, Iteration: 100
Epoch: 62, Iteration: 200
Epoch: 62, Iteration: 300
Epoch: 62, Iteration: 400
Epoch: 62, Iteration: 500
Epoch: 62, Iteration: 600
Epoch: 62, Iteration: 700
Epoch: 62, Iteration: 800
(495s) Epoch [63/100], Train_PSNR:31.22, Val_PSNR:28.87, Val_SSIM:0.9744
Learning rate sets to 0.000125.
Epoch: 63, Iteration: 0
Epoch: 63, Iteration: 100
Epoch: 63, Iteration: 200
Epoch: 63, Iteration: 300
Epoch: 63, Iteration: 400
Epoch: 63, Iteration: 500
Epoch: 63, Iteration: 600
Epoch: 63, Iteration: 700
Epoch: 63, Iteration: 800
(485s) Epoch [64/100], Train_PSNR:31.24, Val_PSNR:28.71, Val_SSIM:0.9752
Learning rate sets to 0.000125.
Epoch: 64, Iteration: 0
Epoch: 64, Iteration: 100
Epoch: 64, Iteration: 200
Epoch: 64, Iteration: 300
Epoch: 64, Iteration: 400
Epoch: 64, Iteration: 500
Epoch: 64, Iteration: 600
Epoch: 64, Iteration: 700
Epoch: 64, Iteration: 800
(539s) Epoch [65/100], Train_PSNR:31.24, Val_PSNR:29.62, Val_SSIM:0.9773
Learning rate sets to 0.000125.
Epoch: 65, Iteration: 0
Epoch: 65, Iteration: 100
Epoch: 65, Iteration: 200
Epoch: 65, Iteration: 300
Epoch: 65, Iteration: 400
Epoch: 65, Iteration: 500
Epoch: 65, Iteration: 600
Epoch: 65, Iteration: 700
Epoch: 65, Iteration: 800
(483s) Epoch [66/100], Train_PSNR:31.29, Val_PSNR:28.30, Val_SSIM:0.9732
Learning rate sets to 0.000125.
Epoch: 66, Iteration: 0
Epoch: 66, Iteration: 100
Epoch: 66, Iteration: 200
Epoch: 66, Iteration: 300
Epoch: 66, Iteration: 400
Epoch: 66, Iteration: 500
Epoch: 66, Iteration: 600
Epoch: 66, Iteration: 700
Epoch: 66, Iteration: 800
(582s) Epoch [67/100], Train_PSNR:31.28, Val_PSNR:29.05, Val_SSIM:0.9769
Learning rate sets to 0.000125.
Epoch: 67, Iteration: 0
Epoch: 67, Iteration: 100
Epoch: 67, Iteration: 200
Epoch: 67, Iteration: 300
Epoch: 67, Iteration: 400
Epoch: 67, Iteration: 500
Epoch: 67, Iteration: 600
Epoch: 67, Iteration: 700
Epoch: 67, Iteration: 800
(502s) Epoch [68/100], Train_PSNR:31.31, Val_PSNR:28.22, Val_SSIM:0.9760
Learning rate sets to 0.000125.
Epoch: 68, Iteration: 0
Epoch: 68, Iteration: 100
Epoch: 68, Iteration: 200
Epoch: 68, Iteration: 300
Epoch: 68, Iteration: 400
Epoch: 68, Iteration: 500
Epoch: 68, Iteration: 600
Epoch: 68, Iteration: 700
Epoch: 68, Iteration: 800
(493s) Epoch [69/100], Train_PSNR:31.36, Val_PSNR:29.05, Val_SSIM:0.9736
Learning rate sets to 0.000125.
Epoch: 69, Iteration: 0
Epoch: 69, Iteration: 100
Epoch: 69, Iteration: 200
Epoch: 69, Iteration: 300
Epoch: 69, Iteration: 400
Epoch: 69, Iteration: 500
Epoch: 69, Iteration: 600
Epoch: 69, Iteration: 700
Epoch: 69, Iteration: 800
(515s) Epoch [70/100], Train_PSNR:31.39, Val_PSNR:29.33, Val_SSIM:0.9774
Learning rate sets to 0.000125.
Epoch: 70, Iteration: 0
Epoch: 70, Iteration: 100
Epoch: 70, Iteration: 200
Epoch: 70, Iteration: 300
Epoch: 70, Iteration: 400
Epoch: 70, Iteration: 500
Epoch: 70, Iteration: 600
Epoch: 70, Iteration: 700
Epoch: 70, Iteration: 800
(482s) Epoch [71/100], Train_PSNR:31.40, Val_PSNR:28.53, Val_SSIM:0.9723
Learning rate sets to 0.000125.
Epoch: 71, Iteration: 0
Epoch: 71, Iteration: 100
Epoch: 71, Iteration: 200
Epoch: 71, Iteration: 300
Epoch: 71, Iteration: 400
Epoch: 71, Iteration: 500
Epoch: 71, Iteration: 600
Epoch: 71, Iteration: 700
Epoch: 71, Iteration: 800
(506s) Epoch [72/100], Train_PSNR:31.38, Val_PSNR:28.60, Val_SSIM:0.9767
Learning rate sets to 0.000125.
Epoch: 72, Iteration: 0
Epoch: 72, Iteration: 100
Epoch: 72, Iteration: 200
Epoch: 72, Iteration: 300
Epoch: 72, Iteration: 400
Epoch: 72, Iteration: 500
Epoch: 72, Iteration: 600
Epoch: 72, Iteration: 700
Epoch: 72, Iteration: 800
(479s) Epoch [73/100], Train_PSNR:31.32, Val_PSNR:29.40, Val_SSIM:0.9772
Learning rate sets to 0.000125.
Epoch: 73, Iteration: 0
Epoch: 73, Iteration: 100
Epoch: 73, Iteration: 200
Epoch: 73, Iteration: 300
Epoch: 73, Iteration: 400
Epoch: 73, Iteration: 500
Epoch: 73, Iteration: 600
Epoch: 73, Iteration: 700
Epoch: 73, Iteration: 800
(484s) Epoch [74/100], Train_PSNR:31.40, Val_PSNR:29.51, Val_SSIM:0.9778
Learning rate sets to 0.000125.
Epoch: 74, Iteration: 0
Epoch: 74, Iteration: 100
Epoch: 74, Iteration: 200
Epoch: 74, Iteration: 300
Epoch: 74, Iteration: 400
Epoch: 74, Iteration: 500
Epoch: 74, Iteration: 600
Epoch: 74, Iteration: 700
Epoch: 74, Iteration: 800
(554s) Epoch [75/100], Train_PSNR:31.46, Val_PSNR:29.69, Val_SSIM:0.9773
Learning rate sets to 0.000125.
Epoch: 75, Iteration: 0
Epoch: 75, Iteration: 100
Epoch: 75, Iteration: 200
Epoch: 75, Iteration: 300
Epoch: 75, Iteration: 400
Epoch: 75, Iteration: 500
Epoch: 75, Iteration: 600
Epoch: 75, Iteration: 700
Epoch: 75, Iteration: 800
(506s) Epoch [76/100], Train_PSNR:31.48, Val_PSNR:29.61, Val_SSIM:0.9734
Learning rate sets to 0.000125.
Epoch: 76, Iteration: 0
Epoch: 76, Iteration: 100
Epoch: 76, Iteration: 200
Epoch: 76, Iteration: 300
Epoch: 76, Iteration: 400
Epoch: 76, Iteration: 500
Epoch: 76, Iteration: 600
Epoch: 76, Iteration: 700
Epoch: 76, Iteration: 800
(577s) Epoch [77/100], Train_PSNR:31.50, Val_PSNR:28.20, Val_SSIM:0.9724
Learning rate sets to 0.000125.
Epoch: 77, Iteration: 0
Epoch: 77, Iteration: 100
Epoch: 77, Iteration: 200
Epoch: 77, Iteration: 300
Epoch: 77, Iteration: 400
Epoch: 77, Iteration: 500
Epoch: 77, Iteration: 600
Epoch: 77, Iteration: 700
Epoch: 77, Iteration: 800
(486s) Epoch [78/100], Train_PSNR:31.47, Val_PSNR:29.24, Val_SSIM:0.9772
Learning rate sets to 0.000125.
Epoch: 78, Iteration: 0
Epoch: 78, Iteration: 100
Epoch: 78, Iteration: 200
Epoch: 78, Iteration: 300
Epoch: 78, Iteration: 400
Epoch: 78, Iteration: 500
Epoch: 78, Iteration: 600
Epoch: 78, Iteration: 700
Epoch: 78, Iteration: 800
(517s) Epoch [79/100], Train_PSNR:31.51, Val_PSNR:29.43, Val_SSIM:0.9780
Learning rate sets to 0.000125.
Epoch: 79, Iteration: 0
Epoch: 79, Iteration: 100
Epoch: 79, Iteration: 200
Epoch: 79, Iteration: 300
Epoch: 79, Iteration: 400
Epoch: 79, Iteration: 500
Epoch: 79, Iteration: 600
Epoch: 79, Iteration: 700
Epoch: 79, Iteration: 800
(489s) Epoch [80/100], Train_PSNR:31.59, Val_PSNR:29.64, Val_SSIM:0.9786
Learning rate sets to 6.25e-05.
Epoch: 80, Iteration: 0
Epoch: 80, Iteration: 100
Epoch: 80, Iteration: 200
Epoch: 80, Iteration: 300
Epoch: 80, Iteration: 400
Epoch: 80, Iteration: 500
Epoch: 80, Iteration: 600
Epoch: 80, Iteration: 700
Epoch: 80, Iteration: 800
(514s) Epoch [81/100], Train_PSNR:31.81, Val_PSNR:29.33, Val_SSIM:0.9780
Learning rate sets to 6.25e-05.
Epoch: 81, Iteration: 0
Epoch: 81, Iteration: 100
Epoch: 81, Iteration: 200
Epoch: 81, Iteration: 300
Epoch: 81, Iteration: 400
Epoch: 81, Iteration: 500
Epoch: 81, Iteration: 600
Epoch: 81, Iteration: 700
Epoch: 81, Iteration: 800
(488s) Epoch [82/100], Train_PSNR:31.79, Val_PSNR:29.67, Val_SSIM:0.9790
Learning rate sets to 6.25e-05.
Epoch: 82, Iteration: 0
Epoch: 82, Iteration: 100
Epoch: 82, Iteration: 200
Epoch: 82, Iteration: 300
Epoch: 82, Iteration: 400
Epoch: 82, Iteration: 500
Epoch: 82, Iteration: 600
Epoch: 82, Iteration: 700
Epoch: 82, Iteration: 800
(494s) Epoch [83/100], Train_PSNR:31.84, Val_PSNR:29.25, Val_SSIM:0.9788
Learning rate sets to 6.25e-05.
Epoch: 83, Iteration: 0
Epoch: 83, Iteration: 100
Epoch: 83, Iteration: 200
Epoch: 83, Iteration: 300
Epoch: 83, Iteration: 400
Epoch: 83, Iteration: 500
Epoch: 83, Iteration: 600
Epoch: 83, Iteration: 700
Epoch: 83, Iteration: 800
(735s) Epoch [84/100], Train_PSNR:31.85, Val_PSNR:29.39, Val_SSIM:0.9754
Learning rate sets to 6.25e-05.
Epoch: 84, Iteration: 0
Epoch: 84, Iteration: 100
Epoch: 84, Iteration: 200
Epoch: 84, Iteration: 300
Epoch: 84, Iteration: 400
Epoch: 84, Iteration: 500
Epoch: 84, Iteration: 600
Epoch: 84, Iteration: 700
Epoch: 84, Iteration: 800
(500s) Epoch [85/100], Train_PSNR:31.83, Val_PSNR:29.99, Val_SSIM:0.9795
Learning rate sets to 6.25e-05.
Epoch: 85, Iteration: 0
Epoch: 85, Iteration: 100
Epoch: 85, Iteration: 200
Epoch: 85, Iteration: 300
Epoch: 85, Iteration: 400
Epoch: 85, Iteration: 500
Epoch: 85, Iteration: 600
Epoch: 85, Iteration: 700
Epoch: 85, Iteration: 800
(503s) Epoch [86/100], Train_PSNR:31.85, Val_PSNR:29.21, Val_SSIM:0.9780
Learning rate sets to 6.25e-05.
Epoch: 86, Iteration: 0
Epoch: 86, Iteration: 100
Epoch: 86, Iteration: 200
Epoch: 86, Iteration: 300
Epoch: 86, Iteration: 400
Epoch: 86, Iteration: 500
Epoch: 86, Iteration: 600
Epoch: 86, Iteration: 700
Epoch: 86, Iteration: 800
(503s) Epoch [87/100], Train_PSNR:31.89, Val_PSNR:29.07, Val_SSIM:0.9766
Learning rate sets to 6.25e-05.
Epoch: 87, Iteration: 0
Epoch: 87, Iteration: 100
Epoch: 87, Iteration: 200
Epoch: 87, Iteration: 300
Epoch: 87, Iteration: 400
Epoch: 87, Iteration: 500
Epoch: 87, Iteration: 600
Epoch: 87, Iteration: 700
Epoch: 87, Iteration: 800
(574s) Epoch [88/100], Train_PSNR:31.94, Val_PSNR:29.48, Val_SSIM:0.9790
Learning rate sets to 6.25e-05.
Epoch: 88, Iteration: 0
Epoch: 88, Iteration: 100
Epoch: 88, Iteration: 200
Epoch: 88, Iteration: 300
Epoch: 88, Iteration: 400
Epoch: 88, Iteration: 500
Epoch: 88, Iteration: 600
Epoch: 88, Iteration: 700
Epoch: 88, Iteration: 800
(580s) Epoch [89/100], Train_PSNR:31.85, Val_PSNR:29.59, Val_SSIM:0.9787
Learning rate sets to 6.25e-05.
Epoch: 89, Iteration: 0
Epoch: 89, Iteration: 100
Epoch: 89, Iteration: 200
Epoch: 89, Iteration: 300
Epoch: 89, Iteration: 400
Epoch: 89, Iteration: 500
Epoch: 89, Iteration: 600
Epoch: 89, Iteration: 700
Epoch: 89, Iteration: 800
(496s) Epoch [90/100], Train_PSNR:31.94, Val_PSNR:29.45, Val_SSIM:0.9783
Learning rate sets to 6.25e-05.
Epoch: 90, Iteration: 0
Epoch: 90, Iteration: 100
Epoch: 90, Iteration: 200
Epoch: 90, Iteration: 300
Epoch: 90, Iteration: 400
Epoch: 90, Iteration: 500
Epoch: 90, Iteration: 600
Epoch: 90, Iteration: 700
Epoch: 90, Iteration: 800
(506s) Epoch [91/100], Train_PSNR:31.91, Val_PSNR:29.45, Val_SSIM:0.9782
Learning rate sets to 6.25e-05.
Epoch: 91, Iteration: 0
Epoch: 91, Iteration: 100
Epoch: 91, Iteration: 200
Epoch: 91, Iteration: 300
Epoch: 91, Iteration: 400
Epoch: 91, Iteration: 500
Epoch: 91, Iteration: 600
Epoch: 91, Iteration: 700
Epoch: 91, Iteration: 800
(516s) Epoch [92/100], Train_PSNR:31.93, Val_PSNR:28.99, Val_SSIM:0.9770
Learning rate sets to 6.25e-05.
Epoch: 92, Iteration: 0
Epoch: 92, Iteration: 100
Epoch: 92, Iteration: 200
Epoch: 92, Iteration: 300
Epoch: 92, Iteration: 400
Epoch: 92, Iteration: 500
Epoch: 92, Iteration: 600
Epoch: 92, Iteration: 700
Epoch: 92, Iteration: 800
(509s) Epoch [93/100], Train_PSNR:31.97, Val_PSNR:29.14, Val_SSIM:0.9788
Learning rate sets to 6.25e-05.
Epoch: 93, Iteration: 0
Epoch: 93, Iteration: 100
Epoch: 93, Iteration: 200
Epoch: 93, Iteration: 300
Epoch: 93, Iteration: 400
Epoch: 93, Iteration: 500
Epoch: 93, Iteration: 600
Epoch: 93, Iteration: 700
Epoch: 93, Iteration: 800
(497s) Epoch [94/100], Train_PSNR:31.94, Val_PSNR:30.03, Val_SSIM:0.9789
Learning rate sets to 6.25e-05.
Epoch: 94, Iteration: 0
Epoch: 94, Iteration: 100
Epoch: 94, Iteration: 200
Epoch: 94, Iteration: 300
Epoch: 94, Iteration: 400
Epoch: 94, Iteration: 500
Epoch: 94, Iteration: 600
Epoch: 94, Iteration: 700
Epoch: 94, Iteration: 800
(511s) Epoch [95/100], Train_PSNR:31.94, Val_PSNR:29.32, Val_SSIM:0.9781
Learning rate sets to 6.25e-05.
Epoch: 95, Iteration: 0
Epoch: 95, Iteration: 100
Epoch: 95, Iteration: 200
Epoch: 95, Iteration: 300
Epoch: 95, Iteration: 400
Epoch: 95, Iteration: 500
Epoch: 95, Iteration: 600
Epoch: 95, Iteration: 700
Epoch: 95, Iteration: 800
(505s) Epoch [96/100], Train_PSNR:32.01, Val_PSNR:29.13, Val_SSIM:0.9788
Learning rate sets to 6.25e-05.
Epoch: 96, Iteration: 0
Epoch: 96, Iteration: 100
Epoch: 96, Iteration: 200
Epoch: 96, Iteration: 300
Epoch: 96, Iteration: 400
Epoch: 96, Iteration: 500
Epoch: 96, Iteration: 600
Epoch: 96, Iteration: 700
Epoch: 96, Iteration: 800
(500s) Epoch [97/100], Train_PSNR:31.99, Val_PSNR:29.59, Val_SSIM:0.9786
Learning rate sets to 6.25e-05.
Epoch: 97, Iteration: 0
Epoch: 97, Iteration: 100
Epoch: 97, Iteration: 200
Epoch: 97, Iteration: 300
Epoch: 97, Iteration: 400
Epoch: 97, Iteration: 500
Epoch: 97, Iteration: 600
Epoch: 97, Iteration: 700
Epoch: 97, Iteration: 800
(514s) Epoch [98/100], Train_PSNR:31.97, Val_PSNR:29.25, Val_SSIM:0.9767
Learning rate sets to 6.25e-05.
Epoch: 98, Iteration: 0
Epoch: 98, Iteration: 100
Epoch: 98, Iteration: 200
Epoch: 98, Iteration: 300
Epoch: 98, Iteration: 400
Epoch: 98, Iteration: 500
Epoch: 98, Iteration: 600
Epoch: 98, Iteration: 700
Epoch: 98, Iteration: 800
(496s) Epoch [99/100], Train_PSNR:32.02, Val_PSNR:29.50, Val_SSIM:0.9784
Learning rate sets to 6.25e-05.
Epoch: 99, Iteration: 0
Epoch: 99, Iteration: 100
Epoch: 99, Iteration: 200
Epoch: 99, Iteration: 300
Epoch: 99, Iteration: 400
Epoch: 99, Iteration: 500
Epoch: 99, Iteration: 600
Epoch: 99, Iteration: 700
Epoch: 99, Iteration: 800
(514s) Epoch [100/100], Train_PSNR:32.02, Val_PSNR:29.83, Val_SSIM:0.9787
